make all --print-data-base --no-builtin-variables --no-builtin-rules --question
# GNU Make 3.81
# Copyright (C) 2006  Free Software Foundation, Inc.
# This is free software; see the source for copying conditions.
# There is NO warranty; not even for MERCHANTABILITY or FITNESS FOR A
# PARTICULAR PURPOSE.

# This program built for i386-apple-darwin11.3.0
 

# Make data base, printed on Thu Jun  9 09:07:15 2022

# Variables

# automatic
<D = $(patsubst %/,%,$(dir $<))
# automatic
?F = $(notdir $?)
# makefile (from `Makefile', line 21)
SRC := src
# environment
VSCODE_LOG_NATIVE = false
# automatic
?D = $(patsubst %/,%,$(dir $?))
# makefile (from `Makefile', line 48)
INCLUDES := -Iinclude -Iinclude/SFML -Iinclude/SFML/Network -Iinclude/SFML/System -Iinclude/SFML/Audio -Iinclude/SFML/Window -Iinclude/SFML/Graphics -Iinclude/CellSim
# automatic
@D = $(patsubst %/,%,$(dir $@))
# automatic
@F = $(notdir $@)
# makefile
CURDIR := /Users/jacobanderson/Desktop/scratch/cell-sim
# makefile
SHELL = /bin/sh
# makefile (from `Makefile', line 43)
RM = rm -f
# environment
VSCODE_NLS_CONFIG = {"locale":"en-us","availableLanguages":{},"_languagePackSupport":true}
 
# environment
_ = /usr/bin/make
# makefile (from `Makefile', line 1)
MAKEFILE_LIST :=  Makefile
# makefile (from `Makefile', line 54)
SOURCES := src/Cell.cpp src/Eater.cpp src/Entity.cpp src/Food.cpp src/Grid.cpp src/Maker.cpp src/Mover.cpp src/main.cpp
# makefile (from `Makefile', line 10)
CXXFLAGS := -std=c++17 -Wall -Wextra -g
# environment
VSCODE_VERBOSE_LOGGING = true
# environment
__CFBundleIdentifier = com.microsoft.VSCode
# environment
INFOPATH = /opt/homebrew/share/info:
# environment
VSCODE_IPC_HOOK_EXTHOST = /var/folders/gz/y3dgnxcx58j9gjhs04bbg7740000gn/T/vscode-ipc-8d79e151-ff1c-4427-8ffb-3af756b70ff2.sock
# environment
VSCODE_CWD = /
# environment
PATH = /opt/homebrew/opt/openssl@3/bin:/opt/homebrew/bin:/opt/homebrew/sbin:/usr/local/bin:/usr/bin:/bin:/usr/sbin:/sbin:/Library/Apple/usr/bin:/Library/Frameworks/Mono.framework/Versions/Current/Commands
# makefile (from `Makefile', line 44)
MD := mkdir -p
# makefile (from `Makefile', line 41)
LIBDIRS := lib lib/pkgconfig lib/cmake lib/cmake/SFML
# environment
VSCODE_LOG_STACK = false
# environment
ELECTRON_RUN_AS_NODE = 1
# makefile (from `Makefile', line 27)
LIB := lib
# default
.FEATURES := target-specific order-only second-expansion else-if archives jobserver check-symlink
# environment
SSH_AUTH_SOCK = /private/tmp/com.apple.launchd.2AAoWKTV0b/Listeners
# automatic
%F = $(notdir $%)
# environment
VSCODE_PIPE_LOGGING = true
# environment
PWD = /Users/jacobanderson/Desktop/scratch/cell-sim
# makefile (from `Makefile', line 65)
OUTPUTMAIN := output/main
# environment
HOMEBREW_CELLAR = /opt/homebrew/Cellar
# environment
ORIGINAL_XDG_CURRENT_DESKTOP = undefined
# environment
MANPATH = /opt/homebrew/share/man::
# environment
VSCODE_AMD_ENTRYPOINT = vs/workbench/api/node/extensionHostProcess
# environment
HOME = /Users/jacobanderson
# default
MAKEFILEPATH := /Applications/Xcode.app/Contents/Developer/Makefiles
# environment
VSCODE_CODE_CACHE_PATH = /Users/jacobanderson/Library/Application Support/Code/CachedData/c3511e6c69bb39013c4a4b7b9566ec1ca73fc4d5
# environment
LOGNAME = jacobanderson
# environment
APPLICATION_INSIGHTS_NO_DIAGNOSTIC_CHANNEL = true
# environment
NVM_CD_FLAGS = -q
# makefile (from `Makefile', line 40)
INCLUDEDIRS := include include/SFML include/SFML/Network include/SFML/System include/SFML/Audio include/SFML/Window include/SFML/Graphics include/CellSim
# environment
VSCODE_HANDLES_UNCAUGHT_ERRORS = true
# automatic
^D = $(patsubst %/,%,$(dir $^))
# environment
XPC_FLAGS = 0x0
# default
MAKE = $(MAKE_COMMAND)
# default
MAKECMDGOALS := all
# environment
SHLVL = 1
# makefile (from `Makefile', line 42)
FIXPATH = $1
# default
MAKE_VERSION := 3.81
# environment
USER = jacobanderson
# makefile
.DEFAULT_GOAL := all
# makefile (from `Makefile', line 24)
INCLUDE := include
# makefile (from `Makefile', line 39)
SOURCEDIRS := src
# automatic
%D = $(patsubst %/,%,$(dir $%))
# makefile (from `Makefile', line 15)
LFLAGS = 
# default
MAKE_COMMAND := /Applications/Xcode.app/Contents/Developer/usr/bin/make
# default
.VARIABLES := 
# environment
TMPDIR = /var/folders/gz/y3dgnxcx58j9gjhs04bbg7740000gn/T/
# automatic
*F = $(notdir $*)
# environment
VSCODE_IPC_HOOK = /Users/jacobanderson/Library/Application Support/Code/1.67.2-main.sock
# makefile
MAKEFLAGS = Rrqp
# environment
MFLAGS = -Rrqp
# automatic
*D = $(patsubst %/,%,$(dir $*))
# environment
NVM_DIR = /Users/jacobanderson/.nvm
# makefile (from `Makefile', line 38)
MAIN := main
# environment
XPC_SERVICE_NAME = application.com.microsoft.VSCode.14626916.14626922
# environment
HOMEBREW_PREFIX = /opt/homebrew
# automatic
+D = $(patsubst %/,%,$(dir $+))
# automatic
+F = $(notdir $+)
# environment
HOMEBREW_REPOSITORY = /opt/homebrew
# makefile (from `Makefile', line 18)
OUTPUT := output
# environment
__CF_USER_TEXT_ENCODING = 0x1F5:0x0:0x0
# environment
COMMAND_MODE = unix2003
# default
MAKEFILES := 
# automatic
<F = $(notdir $<)
# makefile (from `Makefile', line 7)
CXX = g++
# environment
LC_ALL = C
# makefile (from `Makefile', line 51)
LIBS := -Llib -Llib/pkgconfig -Llib/cmake -Llib/cmake/SFML
# automatic
^F = $(notdir $^)
# default
SUFFIXES := 
# default
.INCLUDE_DIRS = /usr/local/include
# environment
MAKELEVEL := 0
# makefile (from `Makefile', line 57)
OBJECTS := src/Cell.o src/Eater.o src/Entity.o src/Food.o src/Grid.o src/Maker.o src/Mover.o src/main.o
# environment
LANG = C
# environment
VSCODE_PID = 4849
# environment
NVM_RC_VERSION = 
# variable set hash-table stats:
# Load=89/1024=9%, Rehash=0, Collisions=3/145=2%

# Pattern-specific Variable Values

# No pattern-specific variable values.

# Directories

# . (device 16777239, inode 16712931): 12 files, no impossibilities.
# src (device 16777239, inode 16712969): 19 files, no impossibilities.

# 31 files, no impossibilities in 2 directories.

# Implicit Rules

# No implicit rules.

# Files

all: output main
#  Command-line target.
#  Implicit rule search has not been done.
#  File does not exist.
#  File has been updated.
#  Needs to be updated (-q is set).
# variable set hash-table stats:
# Load=0/32=0%, Rehash=0, Collisions=0/9=0%
#  commands to execute (from `Makefile', line 68):
	@echo Executing 'all' complete!
	

# Not a target:
src/Food.o:
#  Implicit rule search has been done.
#  Last modified 2022-06-09 09:06:05
#  File has been updated.
#  Successfully updated.
# variable set hash-table stats:
# Load=0/32=0%, Rehash=0, Collisions=0/0=0%

.PHONY: clean
#  Implicit rule search has not been done.
#  Modification time never checked.
#  File has not been updated.

# Not a target:
src/main.o:
#  Implicit rule search has been done.
#  Last modified 2022-06-09 09:06:05
#  File has been updated.
#  Successfully updated.
# variable set hash-table stats:
# Load=0/32=0%, Rehash=0, Collisions=0/0=0%

# Not a target:
src/Grid.o:
#  Implicit rule search has been done.
#  Last modified 2022-06-09 09:06:05
#  File has been updated.
#  Successfully updated.
# variable set hash-table stats:
# Load=0/32=0%, Rehash=0, Collisions=0/0=0%

# Not a target:
.SUFFIXES:
#  Implicit rule search has not been done.
#  Modification time never checked.
#  File has not been updated.

# Not a target:
src/Entity.o:
#  Implicit rule search has been done.
#  Last modified 2022-06-09 09:06:05
#  File has been updated.
#  Successfully updated.
# variable set hash-table stats:
# Load=0/32=0%, Rehash=0, Collisions=0/0=0%

# Not a target:
Makefile:
#  Implicit rule search has been done.
#  Last modified 2022-06-09 09:07:03
#  File has been updated.
#  Successfully updated.
# variable set hash-table stats:
# Load=0/32=0%, Rehash=0, Collisions=0/0=0%

# Not a target:
src/Maker.o:
#  Implicit rule search has been done.
#  Last modified 2022-06-09 09:06:05
#  File has been updated.
#  Successfully updated.
# variable set hash-table stats:
# Load=0/32=0%, Rehash=0, Collisions=0/0=0%

simpleclean:
#  Implicit rule search has not been done.
#  Modification time never checked.
#  File has not been updated.
#  commands to execute (from `Makefile', line 90):
	$(RM) $(call FIXPATH,$(OBJECTS))
	

# Not a target:
src/Mover.o:
#  Implicit rule search has been done.
#  Last modified 2022-06-09 09:06:05
#  File has been updated.
#  Successfully updated.
# variable set hash-table stats:
# Load=0/32=0%, Rehash=0, Collisions=0/0=0%

# Not a target:
src/Eater.o:
#  Implicit rule search has been done.
#  Last modified 2022-06-09 09:06:04
#  File has been updated.
#  Successfully updated.
# variable set hash-table stats:
# Load=0/32=0%, Rehash=0, Collisions=0/0=0%

# Not a target:
.DEFAULT:
#  Implicit rule search has not been done.
#  Modification time never checked.
#  File has not been updated.

run: all
#  Implicit rule search has not been done.
#  Modification time never checked.
#  File has not been updated.
#  commands to execute (from `Makefile', line 93):
	./$(OUTPUTMAIN)
	@echo Executing 'run: all' complete!
	

.cpp.o:
#  Implicit rule search has not been done.
#  Modification time never checked.
#  File has not been updated.
#  commands to execute (from `Makefile', line 81):
	$(CXX) $(CXXFLAGS) $(INCLUDES) -c $<  -o $@
	

clean:
#  Phony target (prerequisite of .PHONY).
#  Implicit rule search has not been done.
 
#  File does not exist.
#  File has not been updated.
#  commands to execute (from `Makefile', line 85):
	$(RM) $(OUTPUTMAIN)
	$(RM) $(call FIXPATH,$(OBJECTS))
	@echo Cleanup complete!
	

main: src/Cell.o src/Eater.o src/Entity.o src/Food.o src/Grid.o src/Maker.o src/Mover.o src/main.o
#  Implicit rule search has not been done.
#  Implicit/static pattern stem: `'
#  File does not exist.
#  File has been updated.
#  Needs to be updated (-q is set).
# automatic
# @ := main
# automatic
# % := 
# automatic
# * := 
# automatic
# + := src/Cell.o src/Eater.o src/Entity.o src/Food.o src/Grid.o src/Maker.o src/Mover.o src/main.o
# automatic
# | := 
# automatic
# < := src/Cell.o
# automatic
# ^ := src/Cell.o src/Eater.o src/Entity.o src/Food.o src/Grid.o src/Maker.o src/Mover.o src/main.o
# automatic
# ? := src/Cell.o src/Eater.o src/Entity.o src/Food.o src/Grid.o src/Maker.o src/Mover.o src/main.o
# variable set hash-table stats:
# Load=8/32=25%, Rehash=0, Collisions=2/17=12%
#  commands to execute (from `Makefile', line 74):
	$(CXX) $(CXXFLAGS) $(INCLUDES) -o $(OUTPUTMAIN) $(OBJECTS) $(LFLAGS) $(LIBS) -l sfml-graphics -l sfml-window -l sfml-system
	

output:
#  Implicit rule search has not been done.
#  Last modified 2022-06-09 09:06:05
#  File has been updated.
#  Successfully updated.
#  commands to execute (from `Makefile', line 71):
	$(MD) $(OUTPUT)
	

# Not a target:
src/Cell.o:
#  Implicit rule search has been done.
#  Last modified 2022-06-09 09:06:04
#  File has been updated.
#  Successfully updated.
# variable set hash-table stats:
# Load=0/32=0%, Rehash=0, Collisions=0/0=0%

# files hash-table stats:
# Load=19/1024=2%, Rehash=0, Collisions=0/45=0%
# VPATH Search Paths

# No `vpath' search paths.

# No general (`VPATH' variable) search path.

# # of strings in strcache: 1
# # of strcache buffers: 1
# strcache size: total = 4096 / max = 4096 / min = 4096 / avg = 4096
# strcache free: total = 4087 / max = 4087 / min = 4087 / avg = 4087

# Finished Make data base on Thu Jun  9 09:07:15 2022

 
